d:\leedsuni\school\semester 2\m.sc\massivediss\massivediss\x64\debug\massivediss.pch
d:\leedsuni\school\semester 2\m.sc\massivediss\massivediss\x64\debug\vc141.pdb
d:\leedsuni\school\semester 2\m.sc\massivediss\massivediss\x64\debug\vc141.idb
d:\leedsuni\school\semester 2\m.sc\massivediss\massivediss\x64\debug\stdafx.obj
d:\leedsuni\school\semester 2\m.sc\massivediss\massivediss\x64\debug\profile.obj
d:\leedsuni\school\semester 2\m.sc\massivediss\massivediss\x64\debug\modelloader.obj
d:\leedsuni\school\semester 2\m.sc\massivediss\massivediss\x64\debug\kdtree.obj
d:\leedsuni\school\semester 2\m.sc\massivediss\massivediss\x64\debug\texture.obj
d:\leedsuni\school\semester 2\m.sc\massivediss\massivediss\x64\debug\text2d.obj
d:\leedsuni\school\semester 2\m.sc\massivediss\massivediss\x64\debug\shader.obj
d:\leedsuni\school\semester 2\m.sc\massivediss\massivediss\x64\debug\controls.obj
d:\leedsuni\school\semester 2\m.sc\massivediss\massivediss\x64\debug\readwrite.obj
d:\leedsuni\school\semester 2\m.sc\massivediss\massivediss\x64\debug\vr.obj
d:\leedsuni\school\semester 2\m.sc\massivediss\massivediss\x64\debug\occluder.obj
d:\leedsuni\school\semester 2\m.sc\massivediss\massivediss\x64\debug\massivediss.obj
d:\leedsuni\school\semester 2\m.sc\massivediss\x64\debug\massivediss.ilk
d:\leedsuni\school\semester 2\m.sc\massivediss\x64\debug\massivediss.exe
d:\leedsuni\school\semester 2\m.sc\massivediss\x64\debug\massivediss.pdb
d:\leedsuni\school\semester 2\m.sc\massivediss\massivediss\x64\debug\massivediss.res
c:\users\sc17vok\source\repos\massivediss\massivediss\x64\debug\controls.obj
c:\users\sc17vok\source\repos\massivediss\massivediss\x64\debug\kdtree.obj
c:\users\sc17vok\source\repos\massivediss\massivediss\x64\debug\massivediss.obj
c:\users\sc17vok\source\repos\massivediss\massivediss\x64\debug\modelloader.obj
c:\users\sc17vok\source\repos\massivediss\massivediss\x64\debug\occluder.obj
c:\users\sc17vok\source\repos\massivediss\massivediss\x64\debug\profile.obj
c:\users\sc17vok\source\repos\massivediss\massivediss\x64\debug\readwrite.obj
c:\users\sc17vok\source\repos\massivediss\massivediss\x64\debug\shader.obj
c:\users\sc17vok\source\repos\massivediss\massivediss\x64\debug\stdafx.obj
c:\users\sc17vok\source\repos\massivediss\massivediss\x64\debug\text2d.obj
c:\users\sc17vok\source\repos\massivediss\massivediss\x64\debug\texture.obj
c:\users\sc17vok\source\repos\massivediss\massivediss\x64\debug\vr.obj
c:\users\sc17vok\source\repos\massivediss\massivediss\x64\debug\massivediss.res
c:\users\sc17vok\source\repos\massivediss\massivediss\x64\debug\massivediss.pch
c:\users\sc17vok\source\repos\massivediss\massivediss\x64\debug\vc141.idb
c:\users\sc17vok\source\repos\massivediss\massivediss\x64\debug\vc141.pdb
c:\users\sc17vok\source\repos\massivediss\x64\debug\massivediss.pdb
c:\users\sc17vok\source\repos\massivediss\x64\debug\massivediss.exe
c:\users\sc17vok\source\repos\massivediss\x64\debug\massivediss.ilk
c:\users\sc17vok\source\repos\massivediss\massivediss\x64\debug\massivediss.tlog\cl.command.1.tlog
c:\users\sc17vok\source\repos\massivediss\massivediss\x64\debug\massivediss.tlog\cl.read.1.tlog
c:\users\sc17vok\source\repos\massivediss\massivediss\x64\debug\massivediss.tlog\cl.write.1.tlog
c:\users\sc17vok\source\repos\massivediss\massivediss\x64\debug\massivediss.tlog\link.command.1.tlog
c:\users\sc17vok\source\repos\massivediss\massivediss\x64\debug\massivediss.tlog\link.read.1.tlog
c:\users\sc17vok\source\repos\massivediss\massivediss\x64\debug\massivediss.tlog\link.write.1.tlog
c:\users\sc17vok\source\repos\massivediss\massivediss\x64\debug\massivediss.tlog\rc.command.1.tlog
c:\users\sc17vok\source\repos\massivediss\massivediss\x64\debug\massivediss.tlog\rc.read.1.tlog
c:\users\sc17vok\source\repos\massivediss\massivediss\x64\debug\massivediss.tlog\rc.write.1.tlog
